Arguments: 
  /Users/donovan/.nvm/versions/node/v8.1.1/bin/node /Users/donovan/.yarn/bin/yarn.js add babel-preset-es2015, babel-preset-react-app, ignore-styles

PATH: 
  /Users/donovan/.yarn/bin:/Users/donovan/.config/yarn/global/node_modules/.bin:/Users/donovan/.nvm/versions/node/v8.1.1/bin:/Users/donovan/.rbenv/shims:/bin:/sbin:/usr/bin:/usr/local/sbin:/usr/local/bin:/usr/local/bin:/usr/bin:/bin:/usr/sbin:/sbin

Yarn version: 
  1.5.1

Node version: 
  8.1.1

Platform: 
  darwin x64

npm manifest: 
  {
    "name": "react-server-demo",
    "version": "1.0.0",
    "main": "bootstrap.js",
    "license": "MIT"
  }

yarn manifest: 
  No manifest

Lockfile: 
  No lockfile

Trace: 
  Error: Couldn't find package "babel-preset-es2015," on the "npm" registry.
      at new MessageError (/Users/donovan/.yarn/lib/cli.js:186:110)
      at NpmResolver.<anonymous> (/Users/donovan/.yarn/lib/cli.js:51625:15)
      at Generator.next (<anonymous>)
      at step (/Users/donovan/.yarn/lib/cli.js:98:30)
      at /Users/donovan/.yarn/lib/cli.js:109:13
      at <anonymous>
      at process._tickCallback (internal/process/next_tick.js:169:7)
